Sat, 09 Apr 2011 18:52:47 GMT  ~  info  ~  Logfile created
 ~ (0.002524) SELECT "id", "taken" FROM "seats" ORDER BY "id"
 ~ no such table: seats (code: 1, sql state: , query: SELECT "id", "taken" FROM "seats" ORDER BY "id", uri: sqlite3:///Users/pzgh6s/Sites/code-conf/seatr/db/development.sqlite3?port=&adapter=sqlite3&fragment=&path=/Users/pzgh6s/Sites/code-conf/seatr/db/development.sqlite3&scheme=sqlite3&host=&user=&password=&query=)
 ~ (0.000323) SELECT "id", "taken" FROM "seats" ORDER BY "id"
 ~ no such table: seats (code: 1, sql state: , query: SELECT "id", "taken" FROM "seats" ORDER BY "id", uri: sqlite3:///Users/pzgh6s/Sites/code-conf/seatr/db/development.sqlite3?port=&adapter=sqlite3&fragment=&path=/Users/pzgh6s/Sites/code-conf/seatr/db/development.sqlite3&scheme=sqlite3&host=&user=&password=&query=)
 ~ (0.000246) SELECT "id", "taken" FROM "seats" ORDER BY "id"
 ~ no such table: seats (code: 1, sql state: , query: SELECT "id", "taken" FROM "seats" ORDER BY "id", uri: sqlite3:///Users/pzgh6s/Sites/code-conf/seatr/db/development.sqlite3?port=&adapter=sqlite3&fragment=&path=/Users/pzgh6s/Sites/code-conf/seatr/db/development.sqlite3&scheme=sqlite3&host=&user=&password=&query=)
 ~ (0.000250) SELECT "id", "taken" FROM "seats" ORDER BY "id"
 ~ no such table: seats (code: 1, sql state: , query: SELECT "id", "taken" FROM "seats" ORDER BY "id", uri: sqlite3:///Users/pzgh6s/Sites/code-conf/seatr/db/development.sqlite3?port=&adapter=sqlite3&fragment=&path=/Users/pzgh6s/Sites/code-conf/seatr/db/development.sqlite3&scheme=sqlite3&host=&user=&password=&query=)
 ~ (0.000267) SELECT "id", "taken" FROM "seats" ORDER BY "id"
 ~ no such table: seats (code: 1, sql state: , query: SELECT "id", "taken" FROM "seats" ORDER BY "id", uri: sqlite3:///Users/pzgh6s/Sites/code-conf/seatr/db/development.sqlite3?port=&adapter=sqlite3&fragment=&path=/Users/pzgh6s/Sites/code-conf/seatr/db/development.sqlite3&scheme=sqlite3&host=&user=&password=&query=)
 ~ (0.000247) SELECT "id", "taken" FROM "seats" ORDER BY "id"
 ~ no such table: seats (code: 1, sql state: , query: SELECT "id", "taken" FROM "seats" ORDER BY "id", uri: sqlite3:///Users/pzgh6s/Sites/code-conf/seatr/db/development.sqlite3?port=&adapter=sqlite3&fragment=&path=/Users/pzgh6s/Sites/code-conf/seatr/db/development.sqlite3&scheme=sqlite3&host=&user=&password=&query=)
 ~ (0.000270) SELECT "id", "taken" FROM "seats" ORDER BY "id"
 ~ no such table: seats (code: 1, sql state: , query: SELECT "id", "taken" FROM "seats" ORDER BY "id", uri: sqlite3:///Users/pzgh6s/Sites/code-conf/seatr/db/development.sqlite3?port=&adapter=sqlite3&fragment=&path=/Users/pzgh6s/Sites/code-conf/seatr/db/development.sqlite3&scheme=sqlite3&host=&user=&password=&query=)
 ~ (0.000262) SELECT "id", "taken" FROM "seats" ORDER BY "id"
 ~ no such table: seats (code: 1, sql state: , query: SELECT "id", "taken" FROM "seats" ORDER BY "id", uri: sqlite3:///Users/pzgh6s/Sites/code-conf/seatr/db/development.sqlite3?port=&adapter=sqlite3&fragment=&path=/Users/pzgh6s/Sites/code-conf/seatr/db/development.sqlite3&scheme=sqlite3&host=&user=&password=&query=)
 ~ (0.000254) SELECT "id", "taken" FROM "seats" ORDER BY "id"
 ~ no such table: seats (code: 1, sql state: , query: SELECT "id", "taken" FROM "seats" ORDER BY "id", uri: sqlite3:///Users/pzgh6s/Sites/code-conf/seatr/db/development.sqlite3?port=&adapter=sqlite3&fragment=&path=/Users/pzgh6s/Sites/code-conf/seatr/db/development.sqlite3&scheme=sqlite3&host=&user=&password=&query=)
 ~ (0.000403) SELECT "id", "taken" FROM "seats" ORDER BY "id"
 ~ no such table: seats (code: 1, sql state: , query: SELECT "id", "taken" FROM "seats" ORDER BY "id", uri: sqlite3:///Users/pzgh6s/Sites/code-conf/seatr/db/development.sqlite3?port=&adapter=sqlite3&fragment=&database=&scheme=sqlite3&path=/Users/pzgh6s/Sites/code-conf/seatr/db/development.sqlite3&host=&password=&user=&query=)
 ~ (0.000091) SELECT sqlite_version(*)
 ~ (0.000161) DROP TABLE IF EXISTS "seats"
 ~ (0.000013) PRAGMA table_info("seats")
 ~ (0.001358) CREATE TABLE "seats" ("id" INTEGER NOT NULL PRIMARY KEY AUTOINCREMENT, "taken" BOOLEAN DEFAULT 't')
 ~ (0.000114) SELECT "id", "taken" FROM "seats" ORDER BY "id"
 ~ (0.000095) SELECT sqlite_version(*)
 ~ (0.001337) DROP TABLE IF EXISTS "seats"
 ~ (0.000018) PRAGMA table_info("seats")
 ~ (0.000920) CREATE TABLE "seats" ("id" INTEGER NOT NULL PRIMARY KEY AUTOINCREMENT, "taken" BOOLEAN DEFAULT 't')
 ~ (0.000312) PRAGMA table_info("seats")
 ~ (0.000121) PRAGMA table_info("seats")
 ~ (0.000011) PRAGMA table_info("seats")
 ~ (0.000056) SELECT "id", "taken" FROM "seats" ORDER BY "id"
 ~ (0.000271) PRAGMA table_info("seats")
 ~ (0.000099) PRAGMA table_info("seats")
 ~ (0.000008) PRAGMA table_info("seats")
 ~ (0.000294) PRAGMA table_info("seats")
 ~ (0.000098) PRAGMA table_info("seats")
 ~ (0.000009) PRAGMA table_info("seats")
 ~ (0.000014) SELECT sqlite_version(*)
 ~ (0.002598) ALTER TABLE "seats" ADD COLUMN "row" INTEGER
 ~ (0.000012) PRAGMA table_info("seats")
 ~ (0.000899) ALTER TABLE "seats" ADD COLUMN "col" INTEGER
 ~ (0.000009) PRAGMA table_info("seats")
 ~ (0.000008) PRAGMA table_info("seats")
 ~ (0.000891) ALTER TABLE "seats" ADD COLUMN "created" TIMESTAMP
 ~ (0.000010) PRAGMA table_info("seats")
 ~ (0.000905) ALTER TABLE "seats" ADD COLUMN "updated" TIMESTAMP
 ~ (0.000065) SELECT "id", "row", "col", "taken", "created", "updated" FROM "seats" ORDER BY "id"
 ~ (0.000282) PRAGMA table_info("seats")
 ~ (0.000095) PRAGMA table_info("seats")
 ~ (0.000011) PRAGMA table_info("seats")
 ~ (0.000010) PRAGMA table_info("seats")
 ~ (0.000010) PRAGMA table_info("seats")
 ~ (0.000010) PRAGMA table_info("seats")
 ~ (0.000010) PRAGMA table_info("seats")
 ~ (0.000282) PRAGMA table_info("seats")
 ~ (0.000104) PRAGMA table_info("seats")
 ~ (0.000013) PRAGMA table_info("seats")
 ~ (0.000010) PRAGMA table_info("seats")
 ~ (0.000010) PRAGMA table_info("seats")
 ~ (0.000010) PRAGMA table_info("seats")
 ~ (0.000011) PRAGMA table_info("seats")
 ~ (0.002395) INSERT INTO "seats" ("row", "col", "taken", "created") VALUES (0, 0, 't', '2011-04-09T15:12:38-04:00')
 ~ (0.000928) INSERT INTO "seats" ("row", "col", "taken", "created") VALUES (0, 1, 't', '2011-04-09T15:12:38-04:00')
 ~ (0.000998) INSERT INTO "seats" ("row", "col", "taken", "created") VALUES (0, 2, 't', '2011-04-09T15:12:38-04:00')
 ~ (0.000984) INSERT INTO "seats" ("row", "col", "taken", "created") VALUES (0, 3, 't', '2011-04-09T15:12:38-04:00')
 ~ (0.000949) INSERT INTO "seats" ("row", "col", "taken", "created") VALUES (0, 4, 't', '2011-04-09T15:12:38-04:00')
 ~ (0.000898) INSERT INTO "seats" ("row", "col", "taken", "created") VALUES (0, 5, 't', '2011-04-09T15:12:38-04:00')
 ~ (0.000992) INSERT INTO "seats" ("row", "col", "taken", "created") VALUES (0, 6, 't', '2011-04-09T15:12:38-04:00')
 ~ (0.001046) INSERT INTO "seats" ("row", "col", "taken", "created") VALUES (0, 7, 't', '2011-04-09T15:12:38-04:00')
 ~ (0.001124) INSERT INTO "seats" ("row", "col", "taken", "created") VALUES (0, 8, 't', '2011-04-09T15:12:38-04:00')
 ~ (0.000882) INSERT INTO "seats" ("row", "col", "taken", "created") VALUES (0, 9, 't', '2011-04-09T15:12:38-04:00')
 ~ (0.001174) INSERT INTO "seats" ("row", "col", "taken", "created") VALUES (0, 10, 't', '2011-04-09T15:12:38-04:00')
 ~ (0.001153) INSERT INTO "seats" ("row", "col", "taken", "created") VALUES (0, 11, 't', '2011-04-09T15:12:38-04:00')
 ~ (0.001036) INSERT INTO "seats" ("row", "col", "taken", "created") VALUES (0, 12, 't', '2011-04-09T15:12:38-04:00')
 ~ (0.001148) INSERT INTO "seats" ("row", "col", "taken", "created") VALUES (0, 13, 't', '2011-04-09T15:12:38-04:00')
 ~ (0.000815) INSERT INTO "seats" ("row", "col", "taken", "created") VALUES (0, 14, 't', '2011-04-09T15:12:38-04:00')
 ~ (0.001110) INSERT INTO "seats" ("row", "col", "taken", "created") VALUES (0, 15, 't', '2011-04-09T15:12:38-04:00')
 ~ (0.000870) INSERT INTO "seats" ("row", "col", "taken", "created") VALUES (0, 16, 't', '2011-04-09T15:12:38-04:00')
 ~ (0.000927) INSERT INTO "seats" ("row", "col", "taken", "created") VALUES (0, 17, 't', '2011-04-09T15:12:38-04:00')
 ~ (0.000952) INSERT INTO "seats" ("row", "col", "taken", "created") VALUES (0, 18, 't', '2011-04-09T15:12:38-04:00')
 ~ (0.000843) INSERT INTO "seats" ("row", "col", "taken", "created") VALUES (0, 19, 't', '2011-04-09T15:12:38-04:00')
 ~ (0.001035) INSERT INTO "seats" ("row", "col", "taken", "created") VALUES (0, 20, 't', '2011-04-09T15:12:38-04:00')
 ~ (0.000943) INSERT INTO "seats" ("row", "col", "taken", "created") VALUES (0, 21, 't', '2011-04-09T15:12:38-04:00')
 ~ (0.000979) INSERT INTO "seats" ("row", "col", "taken", "created") VALUES (1, 0, 't', '2011-04-09T15:12:38-04:00')
 ~ (0.001126) INSERT INTO "seats" ("row", "col", "taken", "created") VALUES (1, 1, 't', '2011-04-09T15:12:38-04:00')
 ~ (0.001064) INSERT INTO "seats" ("row", "col", "taken", "created") VALUES (1, 2, 't', '2011-04-09T15:12:38-04:00')
 ~ (0.000931) INSERT INTO "seats" ("row", "col", "taken", "created") VALUES (1, 3, 't', '2011-04-09T15:12:38-04:00')
 ~ (0.000969) INSERT INTO "seats" ("row", "col", "taken", "created") VALUES (1, 4, 't', '2011-04-09T15:12:38-04:00')
 ~ (0.000981) INSERT INTO "seats" ("row", "col", "taken", "created") VALUES (1, 5, 't', '2011-04-09T15:12:38-04:00')
 ~ (0.000920) INSERT INTO "seats" ("row", "col", "taken", "created") VALUES (1, 6, 't', '2011-04-09T15:12:38-04:00')
 ~ (0.001083) INSERT INTO "seats" ("row", "col", "taken", "created") VALUES (1, 7, 't', '2011-04-09T15:12:38-04:00')
 ~ (0.001062) INSERT INTO "seats" ("row", "col", "taken", "created") VALUES (1, 8, 't', '2011-04-09T15:12:38-04:00')
 ~ (0.001015) INSERT INTO "seats" ("row", "col", "taken", "created") VALUES (1, 9, 't', '2011-04-09T15:12:38-04:00')
 ~ (0.001057) INSERT INTO "seats" ("row", "col", "taken", "created") VALUES (1, 10, 't', '2011-04-09T15:12:38-04:00')
 ~ (0.000947) INSERT INTO "seats" ("row", "col", "taken", "created") VALUES (1, 11, 't', '2011-04-09T15:12:38-04:00')
 ~ (0.000923) INSERT INTO "seats" ("row", "col", "taken", "created") VALUES (1, 12, 't', '2011-04-09T15:12:38-04:00')
 ~ (0.001092) INSERT INTO "seats" ("row", "col", "taken", "created") VALUES (1, 13, 't', '2011-04-09T15:12:38-04:00')
 ~ (0.000919) INSERT INTO "seats" ("row", "col", "taken", "created") VALUES (1, 14, 't', '2011-04-09T15:12:38-04:00')
 ~ (0.001092) INSERT INTO "seats" ("row", "col", "taken", "created") VALUES (1, 15, 't', '2011-04-09T15:12:38-04:00')
 ~ (0.001067) INSERT INTO "seats" ("row", "col", "taken", "created") VALUES (1, 16, 't', '2011-04-09T15:12:38-04:00')
 ~ (0.000990) INSERT INTO "seats" ("row", "col", "taken", "created") VALUES (1, 17, 't', '2011-04-09T15:12:38-04:00')
 ~ (0.000903) INSERT INTO "seats" ("row", "col", "taken", "created") VALUES (1, 18, 't', '2011-04-09T15:12:38-04:00')
 ~ (0.001138) INSERT INTO "seats" ("row", "col", "taken", "created") VALUES (1, 19, 't', '2011-04-09T15:12:38-04:00')
 ~ (0.001015) INSERT INTO "seats" ("row", "col", "taken", "created") VALUES (1, 20, 't', '2011-04-09T15:12:38-04:00')
 ~ (0.001206) INSERT INTO "seats" ("row", "col", "taken", "created") VALUES (1, 21, 't', '2011-04-09T15:12:38-04:00')
 ~ (0.000829) INSERT INTO "seats" ("row", "col", "taken", "created") VALUES (2, 0, 't', '2011-04-09T15:12:38-04:00')
 ~ (0.001057) INSERT INTO "seats" ("row", "col", "taken", "created") VALUES (2, 1, 't', '2011-04-09T15:12:38-04:00')
 ~ (0.001209) INSERT INTO "seats" ("row", "col", "taken", "created") VALUES (2, 2, 't', '2011-04-09T15:12:38-04:00')
 ~ (0.001129) INSERT INTO "seats" ("row", "col", "taken", "created") VALUES (2, 3, 't', '2011-04-09T15:12:38-04:00')
 ~ (0.001124) INSERT INTO "seats" ("row", "col", "taken", "created") VALUES (2, 4, 't', '2011-04-09T15:12:38-04:00')
 ~ (0.001111) INSERT INTO "seats" ("row", "col", "taken", "created") VALUES (2, 5, 't', '2011-04-09T15:12:38-04:00')
 ~ (0.001268) INSERT INTO "seats" ("row", "col", "taken", "created") VALUES (2, 6, 't', '2011-04-09T15:12:38-04:00')
 ~ (0.001099) INSERT INTO "seats" ("row", "col", "taken", "created") VALUES (2, 7, 't', '2011-04-09T15:12:38-04:00')
 ~ (0.001265) INSERT INTO "seats" ("row", "col", "taken", "created") VALUES (2, 8, 't', '2011-04-09T15:12:38-04:00')
 ~ (0.001014) INSERT INTO "seats" ("row", "col", "taken", "created") VALUES (2, 9, 't', '2011-04-09T15:12:38-04:00')
 ~ (0.001100) INSERT INTO "seats" ("row", "col", "taken", "created") VALUES (2, 10, 't', '2011-04-09T15:12:38-04:00')
 ~ (0.001145) INSERT INTO "seats" ("row", "col", "taken", "created") VALUES (2, 11, 't', '2011-04-09T15:12:38-04:00')
 ~ (0.001071) INSERT INTO "seats" ("row", "col", "taken", "created") VALUES (2, 12, 't', '2011-04-09T15:12:38-04:00')
 ~ (0.001186) INSERT INTO "seats" ("row", "col", "taken", "created") VALUES (2, 13, 't', '2011-04-09T15:12:38-04:00')
 ~ (0.001153) INSERT INTO "seats" ("row", "col", "taken", "created") VALUES (2, 14, 't', '2011-04-09T15:12:38-04:00')
 ~ (0.000983) INSERT INTO "seats" ("row", "col", "taken", "created") VALUES (2, 15, 't', '2011-04-09T15:12:38-04:00')
 ~ (0.000993) INSERT INTO "seats" ("row", "col", "taken", "created") VALUES (2, 16, 't', '2011-04-09T15:12:38-04:00')
 ~ (0.001201) INSERT INTO "seats" ("row", "col", "taken", "created") VALUES (2, 17, 't', '2011-04-09T15:12:38-04:00')
 ~ (0.001207) INSERT INTO "seats" ("row", "col", "taken", "created") VALUES (2, 18, 't', '2011-04-09T15:12:38-04:00')
 ~ (0.001254) INSERT INTO "seats" ("row", "col", "taken", "created") VALUES (2, 19, 't', '2011-04-09T15:12:38-04:00')
 ~ (0.001030) INSERT INTO "seats" ("row", "col", "taken", "created") VALUES (2, 20, 't', '2011-04-09T15:12:38-04:00')
 ~ (0.001102) INSERT INTO "seats" ("row", "col", "taken", "created") VALUES (2, 21, 't', '2011-04-09T15:12:38-04:00')
 ~ (0.001022) INSERT INTO "seats" ("row", "col", "taken", "created") VALUES (3, 0, 't', '2011-04-09T15:12:38-04:00')
 ~ (0.001209) INSERT INTO "seats" ("row", "col", "taken", "created") VALUES (3, 1, 't', '2011-04-09T15:12:38-04:00')
 ~ (0.001239) INSERT INTO "seats" ("row", "col", "taken", "created") VALUES (3, 2, 't', '2011-04-09T15:12:38-04:00')
 ~ (0.001184) INSERT INTO "seats" ("row", "col", "taken", "created") VALUES (3, 3, 't', '2011-04-09T15:12:38-04:00')
 ~ (0.001122) INSERT INTO "seats" ("row", "col", "taken", "created") VALUES (3, 4, 't', '2011-04-09T15:12:38-04:00')
 ~ (0.001264) INSERT INTO "seats" ("row", "col", "taken", "created") VALUES (3, 5, 't', '2011-04-09T15:12:38-04:00')
 ~ (0.001019) INSERT INTO "seats" ("row", "col", "taken", "created") VALUES (3, 6, 't', '2011-04-09T15:12:38-04:00')
 ~ (0.001297) INSERT INTO "seats" ("row", "col", "taken", "created") VALUES (3, 7, 't', '2011-04-09T15:12:38-04:00')
 ~ (0.001411) INSERT INTO "seats" ("row", "col", "taken", "created") VALUES (3, 8, 't', '2011-04-09T15:12:38-04:00')
 ~ (0.001134) INSERT INTO "seats" ("row", "col", "taken", "created") VALUES (3, 9, 't', '2011-04-09T15:12:38-04:00')
 ~ (0.001121) INSERT INTO "seats" ("row", "col", "taken", "created") VALUES (3, 10, 't', '2011-04-09T15:12:39-04:00')
 ~ (0.001172) INSERT INTO "seats" ("row", "col", "taken", "created") VALUES (3, 11, 't', '2011-04-09T15:12:39-04:00')
 ~ (0.001223) INSERT INTO "seats" ("row", "col", "taken", "created") VALUES (3, 12, 't', '2011-04-09T15:12:39-04:00')
 ~ (0.001173) INSERT INTO "seats" ("row", "col", "taken", "created") VALUES (3, 13, 't', '2011-04-09T15:12:39-04:00')
 ~ (0.001412) INSERT INTO "seats" ("row", "col", "taken", "created") VALUES (3, 14, 't', '2011-04-09T15:12:39-04:00')
 ~ (0.000968) INSERT INTO "seats" ("row", "col", "taken", "created") VALUES (3, 15, 't', '2011-04-09T15:12:39-04:00')
 ~ (0.000928) INSERT INTO "seats" ("row", "col", "taken", "created") VALUES (3, 16, 't', '2011-04-09T15:12:39-04:00')
 ~ (0.001140) INSERT INTO "seats" ("row", "col", "taken", "created") VALUES (3, 17, 't', '2011-04-09T15:12:39-04:00')
 ~ (0.000942) INSERT INTO "seats" ("row", "col", "taken", "created") VALUES (3, 18, 't', '2011-04-09T15:12:39-04:00')
 ~ (0.001104) INSERT INTO "seats" ("row", "col", "taken", "created") VALUES (3, 19, 't', '2011-04-09T15:12:39-04:00')
 ~ (0.001152) INSERT INTO "seats" ("row", "col", "taken", "created") VALUES (3, 20, 't', '2011-04-09T15:12:39-04:00')
 ~ (0.000989) INSERT INTO "seats" ("row", "col", "taken", "created") VALUES (3, 21, 't', '2011-04-09T15:12:39-04:00')
 ~ (0.001147) INSERT INTO "seats" ("row", "col", "taken", "created") VALUES (4, 0, 't', '2011-04-09T15:12:39-04:00')
 ~ (0.001128) INSERT INTO "seats" ("row", "col", "taken", "created") VALUES (4, 1, 't', '2011-04-09T15:12:39-04:00')
 ~ (0.001127) INSERT INTO "seats" ("row", "col", "taken", "created") VALUES (4, 2, 't', '2011-04-09T15:12:39-04:00')
 ~ (0.001021) INSERT INTO "seats" ("row", "col", "taken", "created") VALUES (4, 3, 't', '2011-04-09T15:12:39-04:00')
 ~ (0.000996) INSERT INTO "seats" ("row", "col", "taken", "created") VALUES (4, 4, 't', '2011-04-09T15:12:39-04:00')
 ~ (0.001028) INSERT INTO "seats" ("row", "col", "taken", "created") VALUES (4, 5, 't', '2011-04-09T15:12:39-04:00')
 ~ (0.001013) INSERT INTO "seats" ("row", "col", "taken", "created") VALUES (4, 6, 't', '2011-04-09T15:12:39-04:00')
 ~ (0.001260) INSERT INTO "seats" ("row", "col", "taken", "created") VALUES (4, 7, 't', '2011-04-09T15:12:39-04:00')
 ~ (0.001094) INSERT INTO "seats" ("row", "col", "taken", "created") VALUES (4, 8, 't', '2011-04-09T15:12:39-04:00')
 ~ (0.001239) INSERT INTO "seats" ("row", "col", "taken", "created") VALUES (4, 9, 't', '2011-04-09T15:12:39-04:00')
 ~ (0.000880) INSERT INTO "seats" ("row", "col", "taken", "created") VALUES (4, 10, 't', '2011-04-09T15:12:39-04:00')
 ~ (0.001750) INSERT INTO "seats" ("row", "col", "taken", "created") VALUES (4, 11, 't', '2011-04-09T15:12:39-04:00')
 ~ (0.001036) INSERT INTO "seats" ("row", "col", "taken", "created") VALUES (4, 12, 't', '2011-04-09T15:12:39-04:00')
 ~ (0.001090) INSERT INTO "seats" ("row", "col", "taken", "created") VALUES (4, 13, 't', '2011-04-09T15:12:39-04:00')
 ~ (0.000956) INSERT INTO "seats" ("row", "col", "taken", "created") VALUES (4, 14, 't', '2011-04-09T15:12:39-04:00')
 ~ (0.001207) INSERT INTO "seats" ("row", "col", "taken", "created") VALUES (4, 15, 't', '2011-04-09T15:12:39-04:00')
 ~ (0.001094) INSERT INTO "seats" ("row", "col", "taken", "created") VALUES (4, 16, 't', '2011-04-09T15:12:39-04:00')
 ~ (0.001081) INSERT INTO "seats" ("row", "col", "taken", "created") VALUES (4, 17, 't', '2011-04-09T15:12:39-04:00')
 ~ (0.001007) INSERT INTO "seats" ("row", "col", "taken", "created") VALUES (4, 18, 't', '2011-04-09T15:12:39-04:00')
 ~ (0.001020) INSERT INTO "seats" ("row", "col", "taken", "created") VALUES (4, 19, 't', '2011-04-09T15:12:39-04:00')
 ~ (0.000939) INSERT INTO "seats" ("row", "col", "taken", "created") VALUES (4, 20, 't', '2011-04-09T15:12:39-04:00')
 ~ (0.001285) INSERT INTO "seats" ("row", "col", "taken", "created") VALUES (4, 21, 't', '2011-04-09T15:12:39-04:00')
 ~ (0.001014) INSERT INTO "seats" ("row", "col", "taken", "created") VALUES (5, 0, 't', '2011-04-09T15:12:39-04:00')
 ~ (0.000947) INSERT INTO "seats" ("row", "col", "taken", "created") VALUES (5, 1, 't', '2011-04-09T15:12:39-04:00')
 ~ (0.001044) INSERT INTO "seats" ("row", "col", "taken", "created") VALUES (5, 2, 't', '2011-04-09T15:12:39-04:00')
 ~ (0.001154) INSERT INTO "seats" ("row", "col", "taken", "created") VALUES (5, 3, 't', '2011-04-09T15:12:39-04:00')
 ~ (0.001069) INSERT INTO "seats" ("row", "col", "taken", "created") VALUES (5, 4, 't', '2011-04-09T15:12:39-04:00')
 ~ (0.000968) INSERT INTO "seats" ("row", "col", "taken", "created") VALUES (5, 5, 't', '2011-04-09T15:12:39-04:00')
 ~ (0.001348) INSERT INTO "seats" ("row", "col", "taken", "created") VALUES (5, 6, 't', '2011-04-09T15:12:39-04:00')
 ~ (0.000892) INSERT INTO "seats" ("row", "col", "taken", "created") VALUES (5, 7, 't', '2011-04-09T15:12:39-04:00')
 ~ (0.001153) INSERT INTO "seats" ("row", "col", "taken", "created") VALUES (5, 8, 't', '2011-04-09T15:12:39-04:00')
 ~ (0.001063) INSERT INTO "seats" ("row", "col", "taken", "created") VALUES (5, 9, 't', '2011-04-09T15:12:39-04:00')
 ~ (0.001123) INSERT INTO "seats" ("row", "col", "taken", "created") VALUES (5, 10, 't', '2011-04-09T15:12:39-04:00')
 ~ (0.001006) INSERT INTO "seats" ("row", "col", "taken", "created") VALUES (5, 11, 't', '2011-04-09T15:12:39-04:00')
 ~ (0.001005) INSERT INTO "seats" ("row", "col", "taken", "created") VALUES (5, 12, 't', '2011-04-09T15:12:39-04:00')
 ~ (0.001180) INSERT INTO "seats" ("row", "col", "taken", "created") VALUES (5, 13, 't', '2011-04-09T15:12:39-04:00')
 ~ (0.001081) INSERT INTO "seats" ("row", "col", "taken", "created") VALUES (5, 14, 't', '2011-04-09T15:12:39-04:00')
 ~ (0.000990) INSERT INTO "seats" ("row", "col", "taken", "created") VALUES (5, 15, 't', '2011-04-09T15:12:39-04:00')
 ~ (0.001118) INSERT INTO "seats" ("row", "col", "taken", "created") VALUES (5, 16, 't', '2011-04-09T15:12:39-04:00')
 ~ (0.001029) INSERT INTO "seats" ("row", "col", "taken", "created") VALUES (5, 17, 't', '2011-04-09T15:12:39-04:00')
 ~ (0.001167) INSERT INTO "seats" ("row", "col", "taken", "created") VALUES (5, 18, 't', '2011-04-09T15:12:39-04:00')
 ~ (0.001258) INSERT INTO "seats" ("row", "col", "taken", "created") VALUES (5, 19, 't', '2011-04-09T15:12:39-04:00')
 ~ (0.001495) INSERT INTO "seats" ("row", "col", "taken", "created") VALUES (5, 20, 't', '2011-04-09T15:12:39-04:00')
 ~ (0.000935) INSERT INTO "seats" ("row", "col", "taken", "created") VALUES (5, 21, 't', '2011-04-09T15:12:39-04:00')
 ~ (0.001267) INSERT INTO "seats" ("row", "col", "taken", "created") VALUES (6, 0, 't', '2011-04-09T15:12:39-04:00')
 ~ (0.001010) INSERT INTO "seats" ("row", "col", "taken", "created") VALUES (6, 1, 't', '2011-04-09T15:12:39-04:00')
 ~ (0.001086) INSERT INTO "seats" ("row", "col", "taken", "created") VALUES (6, 2, 't', '2011-04-09T15:12:39-04:00')
 ~ (0.001057) INSERT INTO "seats" ("row", "col", "taken", "created") VALUES (6, 3, 't', '2011-04-09T15:12:39-04:00')
 ~ (0.001324) INSERT INTO "seats" ("row", "col", "taken", "created") VALUES (6, 4, 't', '2011-04-09T15:12:39-04:00')
 ~ (0.001217) INSERT INTO "seats" ("row", "col", "taken", "created") VALUES (6, 5, 't', '2011-04-09T15:12:39-04:00')
 ~ (0.000930) INSERT INTO "seats" ("row", "col", "taken", "created") VALUES (6, 6, 't', '2011-04-09T15:12:39-04:00')
 ~ (0.001024) INSERT INTO "seats" ("row", "col", "taken", "created") VALUES (6, 7, 't', '2011-04-09T15:12:39-04:00')
 ~ (0.001199) INSERT INTO "seats" ("row", "col", "taken", "created") VALUES (6, 8, 't', '2011-04-09T15:12:39-04:00')
 ~ (0.001018) INSERT INTO "seats" ("row", "col", "taken", "created") VALUES (6, 9, 't', '2011-04-09T15:12:39-04:00')
 ~ (0.001035) INSERT INTO "seats" ("row", "col", "taken", "created") VALUES (6, 10, 't', '2011-04-09T15:12:39-04:00')
 ~ (0.001202) INSERT INTO "seats" ("row", "col", "taken", "created") VALUES (6, 11, 't', '2011-04-09T15:12:39-04:00')
 ~ (0.001270) INSERT INTO "seats" ("row", "col", "taken", "created") VALUES (6, 12, 't', '2011-04-09T15:12:39-04:00')
 ~ (0.001035) INSERT INTO "seats" ("row", "col", "taken", "created") VALUES (6, 13, 't', '2011-04-09T15:12:39-04:00')
 ~ (0.001117) INSERT INTO "seats" ("row", "col", "taken", "created") VALUES (6, 14, 't', '2011-04-09T15:12:39-04:00')
 ~ (0.001001) INSERT INTO "seats" ("row", "col", "taken", "created") VALUES (6, 15, 't', '2011-04-09T15:12:39-04:00')
 ~ (0.001039) INSERT INTO "seats" ("row", "col", "taken", "created") VALUES (6, 16, 't', '2011-04-09T15:12:39-04:00')
 ~ (0.001033) INSERT INTO "seats" ("row", "col", "taken", "created") VALUES (6, 17, 't', '2011-04-09T15:12:39-04:00')
 ~ (0.001223) INSERT INTO "seats" ("row", "col", "taken", "created") VALUES (6, 18, 't', '2011-04-09T15:12:39-04:00')
 ~ (0.001239) INSERT INTO "seats" ("row", "col", "taken", "created") VALUES (6, 19, 't', '2011-04-09T15:12:39-04:00')
 ~ (0.000984) INSERT INTO "seats" ("row", "col", "taken", "created") VALUES (6, 20, 't', '2011-04-09T15:12:39-04:00')
 ~ (0.001062) INSERT INTO "seats" ("row", "col", "taken", "created") VALUES (6, 21, 't', '2011-04-09T15:12:39-04:00')
 ~ (0.001115) INSERT INTO "seats" ("row", "col", "taken", "created") VALUES (7, 0, 't', '2011-04-09T15:12:39-04:00')
 ~ (0.001142) INSERT INTO "seats" ("row", "col", "taken", "created") VALUES (7, 1, 't', '2011-04-09T15:12:39-04:00')
 ~ (0.001028) INSERT INTO "seats" ("row", "col", "taken", "created") VALUES (7, 2, 't', '2011-04-09T15:12:39-04:00')
 ~ (0.001202) INSERT INTO "seats" ("row", "col", "taken", "created") VALUES (7, 3, 't', '2011-04-09T15:12:39-04:00')
 ~ (0.000951) INSERT INTO "seats" ("row", "col", "taken", "created") VALUES (7, 4, 't', '2011-04-09T15:12:39-04:00')
 ~ (0.001494) INSERT INTO "seats" ("row", "col", "taken", "created") VALUES (7, 5, 't', '2011-04-09T15:12:39-04:00')
 ~ (0.001158) INSERT INTO "seats" ("row", "col", "taken", "created") VALUES (7, 6, 't', '2011-04-09T15:12:39-04:00')
 ~ (0.000937) INSERT INTO "seats" ("row", "col", "taken", "created") VALUES (7, 7, 't', '2011-04-09T15:12:39-04:00')
 ~ (0.001328) INSERT INTO "seats" ("row", "col", "taken", "created") VALUES (7, 8, 't', '2011-04-09T15:12:39-04:00')
 ~ (0.001077) INSERT INTO "seats" ("row", "col", "taken", "created") VALUES (7, 9, 't', '2011-04-09T15:12:39-04:00')
 ~ (0.000995) INSERT INTO "seats" ("row", "col", "taken", "created") VALUES (7, 10, 't', '2011-04-09T15:12:39-04:00')
 ~ (0.001216) INSERT INTO "seats" ("row", "col", "taken", "created") VALUES (7, 11, 't', '2011-04-09T15:12:39-04:00')
 ~ (0.001240) INSERT INTO "seats" ("row", "col", "taken", "created") VALUES (7, 12, 't', '2011-04-09T15:12:39-04:00')
 ~ (0.001014) INSERT INTO "seats" ("row", "col", "taken", "created") VALUES (7, 13, 't', '2011-04-09T15:12:39-04:00')
 ~ (0.000992) INSERT INTO "seats" ("row", "col", "taken", "created") VALUES (7, 14, 't', '2011-04-09T15:12:39-04:00')
 ~ (0.001249) INSERT INTO "seats" ("row", "col", "taken", "created") VALUES (7, 15, 't', '2011-04-09T15:12:39-04:00')
 ~ (0.001560) INSERT INTO "seats" ("row", "col", "taken", "created") VALUES (7, 16, 't', '2011-04-09T15:12:39-04:00')
 ~ (0.001172) INSERT INTO "seats" ("row", "col", "taken", "created") VALUES (7, 17, 't', '2011-04-09T15:12:39-04:00')
 ~ (0.001253) INSERT INTO "seats" ("row", "col", "taken", "created") VALUES (7, 18, 't', '2011-04-09T15:12:39-04:00')
 ~ (0.001403) INSERT INTO "seats" ("row", "col", "taken", "created") VALUES (7, 19, 't', '2011-04-09T15:12:39-04:00')
 ~ (0.001008) INSERT INTO "seats" ("row", "col", "taken", "created") VALUES (7, 20, 't', '2011-04-09T15:12:39-04:00')
 ~ (0.000941) INSERT INTO "seats" ("row", "col", "taken", "created") VALUES (7, 21, 't', '2011-04-09T15:12:39-04:00')
 ~ (0.001252) INSERT INTO "seats" ("row", "col", "taken", "created") VALUES (8, 0, 't', '2011-04-09T15:12:39-04:00')
 ~ (0.001081) INSERT INTO "seats" ("row", "col", "taken", "created") VALUES (8, 1, 't', '2011-04-09T15:12:39-04:00')
 ~ (0.001100) INSERT INTO "seats" ("row", "col", "taken", "created") VALUES (8, 2, 't', '2011-04-09T15:12:39-04:00')
 ~ (0.001135) INSERT INTO "seats" ("row", "col", "taken", "created") VALUES (8, 3, 't', '2011-04-09T15:12:39-04:00')
 ~ (0.000989) INSERT INTO "seats" ("row", "col", "taken", "created") VALUES (8, 4, 't', '2011-04-09T15:12:39-04:00')
 ~ (0.001141) INSERT INTO "seats" ("row", "col", "taken", "created") VALUES (8, 5, 't', '2011-04-09T15:12:39-04:00')
 ~ (0.001115) INSERT INTO "seats" ("row", "col", "taken", "created") VALUES (8, 6, 't', '2011-04-09T15:12:39-04:00')
 ~ (0.000962) INSERT INTO "seats" ("row", "col", "taken", "created") VALUES (8, 7, 't', '2011-04-09T15:12:39-04:00')
 ~ (0.001160) INSERT INTO "seats" ("row", "col", "taken", "created") VALUES (8, 8, 't', '2011-04-09T15:12:39-04:00')
 ~ (0.001126) INSERT INTO "seats" ("row", "col", "taken", "created") VALUES (8, 9, 't', '2011-04-09T15:12:39-04:00')
 ~ (0.000984) INSERT INTO "seats" ("row", "col", "taken", "created") VALUES (8, 10, 't', '2011-04-09T15:12:39-04:00')
 ~ (0.001062) INSERT INTO "seats" ("row", "col", "taken", "created") VALUES (8, 11, 't', '2011-04-09T15:12:39-04:00')
 ~ (0.001238) INSERT INTO "seats" ("row", "col", "taken", "created") VALUES (8, 12, 't', '2011-04-09T15:12:39-04:00')
 ~ (0.000972) INSERT INTO "seats" ("row", "col", "taken", "created") VALUES (8, 13, 't', '2011-04-09T15:12:39-04:00')
 ~ (0.001545) INSERT INTO "seats" ("row", "col", "taken", "created") VALUES (8, 14, 't', '2011-04-09T15:12:39-04:00')
 ~ (0.001221) INSERT INTO "seats" ("row", "col", "taken", "created") VALUES (8, 15, 't', '2011-04-09T15:12:39-04:00')
 ~ (0.001129) INSERT INTO "seats" ("row", "col", "taken", "created") VALUES (8, 16, 't', '2011-04-09T15:12:39-04:00')
 ~ (0.001046) INSERT INTO "seats" ("row", "col", "taken", "created") VALUES (8, 17, 't', '2011-04-09T15:12:39-04:00')
 ~ (0.001156) INSERT INTO "seats" ("row", "col", "taken", "created") VALUES (8, 18, 't', '2011-04-09T15:12:39-04:00')
 ~ (0.001120) INSERT INTO "seats" ("row", "col", "taken", "created") VALUES (8, 19, 't', '2011-04-09T15:12:39-04:00')
 ~ (0.001190) INSERT INTO "seats" ("row", "col", "taken", "created") VALUES (8, 20, 't', '2011-04-09T15:12:39-04:00')
 ~ (0.001318) INSERT INTO "seats" ("row", "col", "taken", "created") VALUES (8, 21, 't', '2011-04-09T15:12:39-04:00')
 ~ (0.001013) INSERT INTO "seats" ("row", "col", "taken", "created") VALUES (9, 0, 't', '2011-04-09T15:12:39-04:00')
 ~ (0.001214) INSERT INTO "seats" ("row", "col", "taken", "created") VALUES (9, 1, 't', '2011-04-09T15:12:39-04:00')
 ~ (0.001182) INSERT INTO "seats" ("row", "col", "taken", "created") VALUES (9, 2, 't', '2011-04-09T15:12:39-04:00')
 ~ (0.001117) INSERT INTO "seats" ("row", "col", "taken", "created") VALUES (9, 3, 't', '2011-04-09T15:12:39-04:00')
 ~ (0.001172) INSERT INTO "seats" ("row", "col", "taken", "created") VALUES (9, 4, 't', '2011-04-09T15:12:39-04:00')
 ~ (0.001137) INSERT INTO "seats" ("row", "col", "taken", "created") VALUES (9, 5, 't', '2011-04-09T15:12:39-04:00')
 ~ (0.001313) INSERT INTO "seats" ("row", "col", "taken", "created") VALUES (9, 6, 't', '2011-04-09T15:12:39-04:00')
 ~ (0.001029) INSERT INTO "seats" ("row", "col", "taken", "created") VALUES (9, 7, 't', '2011-04-09T15:12:39-04:00')
 ~ (0.001188) INSERT INTO "seats" ("row", "col", "taken", "created") VALUES (9, 8, 't', '2011-04-09T15:12:39-04:00')
 ~ (0.001178) INSERT INTO "seats" ("row", "col", "taken", "created") VALUES (9, 9, 't', '2011-04-09T15:12:39-04:00')
 ~ (0.001186) INSERT INTO "seats" ("row", "col", "taken", "created") VALUES (9, 10, 't', '2011-04-09T15:12:39-04:00')
 ~ (0.001011) INSERT INTO "seats" ("row", "col", "taken", "created") VALUES (9, 11, 't', '2011-04-09T15:12:39-04:00')
 ~ (0.001114) INSERT INTO "seats" ("row", "col", "taken", "created") VALUES (9, 12, 't', '2011-04-09T15:12:39-04:00')
 ~ (0.001153) INSERT INTO "seats" ("row", "col", "taken", "created") VALUES (9, 13, 't', '2011-04-09T15:12:39-04:00')
 ~ (0.001032) INSERT INTO "seats" ("row", "col", "taken", "created") VALUES (9, 14, 't', '2011-04-09T15:12:39-04:00')
 ~ (0.001544) INSERT INTO "seats" ("row", "col", "taken", "created") VALUES (9, 15, 't', '2011-04-09T15:12:39-04:00')
 ~ (0.001016) INSERT INTO "seats" ("row", "col", "taken", "created") VALUES (9, 16, 't', '2011-04-09T15:12:39-04:00')
 ~ (0.001008) INSERT INTO "seats" ("row", "col", "taken", "created") VALUES (9, 17, 't', '2011-04-09T15:12:39-04:00')
 ~ (0.001280) INSERT INTO "seats" ("row", "col", "taken", "created") VALUES (9, 18, 't', '2011-04-09T15:12:39-04:00')
 ~ (0.001099) INSERT INTO "seats" ("row", "col", "taken", "created") VALUES (9, 19, 't', '2011-04-09T15:12:39-04:00')
 ~ (0.001212) INSERT INTO "seats" ("row", "col", "taken", "created") VALUES (9, 20, 't', '2011-04-09T15:12:39-04:00')
 ~ (0.001302) INSERT INTO "seats" ("row", "col", "taken", "created") VALUES (9, 21, 't', '2011-04-09T15:12:39-04:00')
 ~ (0.000960) INSERT INTO "seats" ("row", "col", "taken", "created") VALUES (10, 0, 't', '2011-04-09T15:12:39-04:00')
 ~ (0.001294) INSERT INTO "seats" ("row", "col", "taken", "created") VALUES (10, 1, 't', '2011-04-09T15:12:39-04:00')
 ~ (0.001280) INSERT INTO "seats" ("row", "col", "taken", "created") VALUES (10, 2, 't', '2011-04-09T15:12:39-04:00')
 ~ (0.001112) INSERT INTO "seats" ("row", "col", "taken", "created") VALUES (10, 3, 't', '2011-04-09T15:12:39-04:00')
 ~ (0.001193) INSERT INTO "seats" ("row", "col", "taken", "created") VALUES (10, 4, 't', '2011-04-09T15:12:39-04:00')
 ~ (0.000980) INSERT INTO "seats" ("row", "col", "taken", "created") VALUES (10, 5, 't', '2011-04-09T15:12:39-04:00')
 ~ (0.001653) INSERT INTO "seats" ("row", "col", "taken", "created") VALUES (10, 6, 't', '2011-04-09T15:12:39-04:00')
 ~ (0.001160) INSERT INTO "seats" ("row", "col", "taken", "created") VALUES (10, 7, 't', '2011-04-09T15:12:39-04:00')
 ~ (0.000958) INSERT INTO "seats" ("row", "col", "taken", "created") VALUES (10, 8, 't', '2011-04-09T15:12:39-04:00')
 ~ (0.001246) INSERT INTO "seats" ("row", "col", "taken", "created") VALUES (10, 9, 't', '2011-04-09T15:12:39-04:00')
 ~ (0.001168) INSERT INTO "seats" ("row", "col", "taken", "created") VALUES (10, 10, 't', '2011-04-09T15:12:39-04:00')
 ~ (0.001110) INSERT INTO "seats" ("row", "col", "taken", "created") VALUES (10, 11, 't', '2011-04-09T15:12:39-04:00')
 ~ (0.000982) INSERT INTO "seats" ("row", "col", "taken", "created") VALUES (10, 12, 't', '2011-04-09T15:12:39-04:00')
 ~ (0.000974) INSERT INTO "seats" ("row", "col", "taken", "created") VALUES (10, 13, 't', '2011-04-09T15:12:39-04:00')
 ~ (0.001232) INSERT INTO "seats" ("row", "col", "taken", "created") VALUES (10, 14, 't', '2011-04-09T15:12:39-04:00')
 ~ (0.001066) INSERT INTO "seats" ("row", "col", "taken", "created") VALUES (10, 15, 't', '2011-04-09T15:12:39-04:00')
 ~ (0.001015) INSERT INTO "seats" ("row", "col", "taken", "created") VALUES (10, 16, 't', '2011-04-09T15:12:39-04:00')
 ~ (0.001029) INSERT INTO "seats" ("row", "col", "taken", "created") VALUES (10, 17, 't', '2011-04-09T15:12:39-04:00')
 ~ (0.001185) INSERT INTO "seats" ("row", "col", "taken", "created") VALUES (10, 18, 't', '2011-04-09T15:12:39-04:00')
 ~ (0.001042) INSERT INTO "seats" ("row", "col", "taken", "created") VALUES (10, 19, 't', '2011-04-09T15:12:39-04:00')
 ~ (0.001200) INSERT INTO "seats" ("row", "col", "taken", "created") VALUES (10, 20, 't', '2011-04-09T15:12:39-04:00')
 ~ (0.001083) INSERT INTO "seats" ("row", "col", "taken", "created") VALUES (10, 21, 't', '2011-04-09T15:12:39-04:00')
 ~ (0.000982) INSERT INTO "seats" ("row", "col", "taken", "created") VALUES (11, 0, 't', '2011-04-09T15:12:39-04:00')
 ~ (0.001086) INSERT INTO "seats" ("row", "col", "taken", "created") VALUES (11, 1, 't', '2011-04-09T15:12:39-04:00')
 ~ (0.001135) INSERT INTO "seats" ("row", "col", "taken", "created") VALUES (11, 2, 't', '2011-04-09T15:12:39-04:00')
 ~ (0.000911) INSERT INTO "seats" ("row", "col", "taken", "created") VALUES (11, 3, 't', '2011-04-09T15:12:39-04:00')
 ~ (0.001042) INSERT INTO "seats" ("row", "col", "taken", "created") VALUES (11, 4, 't', '2011-04-09T15:12:39-04:00')
 ~ (0.001018) INSERT INTO "seats" ("row", "col", "taken", "created") VALUES (11, 5, 't', '2011-04-09T15:12:39-04:00')
 ~ (0.001099) INSERT INTO "seats" ("row", "col", "taken", "created") VALUES (11, 6, 't', '2011-04-09T15:12:39-04:00')
 ~ (0.001217) INSERT INTO "seats" ("row", "col", "taken", "created") VALUES (11, 7, 't', '2011-04-09T15:12:39-04:00')
 ~ (0.001016) INSERT INTO "seats" ("row", "col", "taken", "created") VALUES (11, 8, 't', '2011-04-09T15:12:39-04:00')
 ~ (0.001283) INSERT INTO "seats" ("row", "col", "taken", "created") VALUES (11, 9, 't', '2011-04-09T15:12:39-04:00')
 ~ (0.000992) INSERT INTO "seats" ("row", "col", "taken", "created") VALUES (11, 10, 't', '2011-04-09T15:12:39-04:00')
 ~ (0.000984) INSERT INTO "seats" ("row", "col", "taken", "created") VALUES (11, 11, 't', '2011-04-09T15:12:39-04:00')
 ~ (0.001005) INSERT INTO "seats" ("row", "col", "taken", "created") VALUES (11, 12, 't', '2011-04-09T15:12:39-04:00')
 ~ (0.000951) INSERT INTO "seats" ("row", "col", "taken", "created") VALUES (11, 13, 't', '2011-04-09T15:12:39-04:00')
 ~ (0.001212) INSERT INTO "seats" ("row", "col", "taken", "created") VALUES (11, 14, 't', '2011-04-09T15:12:39-04:00')
 ~ (0.001150) INSERT INTO "seats" ("row", "col", "taken", "created") VALUES (11, 15, 't', '2011-04-09T15:12:39-04:00')
 ~ (0.001091) INSERT INTO "seats" ("row", "col", "taken", "created") VALUES (11, 16, 't', '2011-04-09T15:12:39-04:00')
 ~ (0.000989) INSERT INTO "seats" ("row", "col", "taken", "created") VALUES (11, 17, 't', '2011-04-09T15:12:39-04:00')
 ~ (0.001201) INSERT INTO "seats" ("row", "col", "taken", "created") VALUES (11, 18, 't', '2011-04-09T15:12:39-04:00')
 ~ (0.001065) INSERT INTO "seats" ("row", "col", "taken", "created") VALUES (11, 19, 't', '2011-04-09T15:12:39-04:00')
 ~ (0.001178) INSERT INTO "seats" ("row", "col", "taken", "created") VALUES (11, 20, 't', '2011-04-09T15:12:39-04:00')
 ~ (0.001130) INSERT INTO "seats" ("row", "col", "taken", "created") VALUES (11, 21, 't', '2011-04-09T15:12:39-04:00')
 ~ (0.001008) INSERT INTO "seats" ("row", "col", "taken", "created") VALUES (12, 0, 't', '2011-04-09T15:12:39-04:00')
 ~ (0.000921) INSERT INTO "seats" ("row", "col", "taken", "created") VALUES (12, 1, 't', '2011-04-09T15:12:39-04:00')
 ~ (0.001099) INSERT INTO "seats" ("row", "col", "taken", "created") VALUES (12, 2, 't', '2011-04-09T15:12:39-04:00')
 ~ (0.001183) INSERT INTO "seats" ("row", "col", "taken", "created") VALUES (12, 3, 't', '2011-04-09T15:12:39-04:00')
 ~ (0.001128) INSERT INTO "seats" ("row", "col", "taken", "created") VALUES (12, 4, 't', '2011-04-09T15:12:39-04:00')
 ~ (0.001074) INSERT INTO "seats" ("row", "col", "taken", "created") VALUES (12, 5, 't', '2011-04-09T15:12:39-04:00')
 ~ (0.001112) INSERT INTO "seats" ("row", "col", "taken", "created") VALUES (12, 6, 't', '2011-04-09T15:12:39-04:00')
 ~ (0.001040) INSERT INTO "seats" ("row", "col", "taken", "created") VALUES (12, 7, 't', '2011-04-09T15:12:39-04:00')
 ~ (0.001285) INSERT INTO "seats" ("row", "col", "taken", "created") VALUES (12, 8, 't', '2011-04-09T15:12:39-04:00')
 ~ (0.001247) INSERT INTO "seats" ("row", "col", "taken", "created") VALUES (12, 9, 't', '2011-04-09T15:12:39-04:00')
 ~ (0.001054) INSERT INTO "seats" ("row", "col", "taken", "created") VALUES (12, 10, 't', '2011-04-09T15:12:39-04:00')
 ~ (0.001104) INSERT INTO "seats" ("row", "col", "taken", "created") VALUES (12, 11, 't', '2011-04-09T15:12:39-04:00')
 ~ (0.001187) INSERT INTO "seats" ("row", "col", "taken", "created") VALUES (12, 12, 't', '2011-04-09T15:12:39-04:00')
 ~ (0.001068) INSERT INTO "seats" ("row", "col", "taken", "created") VALUES (12, 13, 't', '2011-04-09T15:12:39-04:00')
 ~ (0.001245) INSERT INTO "seats" ("row", "col", "taken", "created") VALUES (12, 14, 't', '2011-04-09T15:12:39-04:00')
 ~ (0.001173) INSERT INTO "seats" ("row", "col", "taken", "created") VALUES (12, 15, 't', '2011-04-09T15:12:39-04:00')
 ~ (0.000993) INSERT INTO "seats" ("row", "col", "taken", "created") VALUES (12, 16, 't', '2011-04-09T15:12:39-04:00')
 ~ (0.001040) INSERT INTO "seats" ("row", "col", "taken", "created") VALUES (12, 17, 't', '2011-04-09T15:12:39-04:00')
 ~ (0.001153) INSERT INTO "seats" ("row", "col", "taken", "created") VALUES (12, 18, 't', '2011-04-09T15:12:39-04:00')
 ~ (0.000994) INSERT INTO "seats" ("row", "col", "taken", "created") VALUES (12, 19, 't', '2011-04-09T15:12:39-04:00')
 ~ (0.001227) INSERT INTO "seats" ("row", "col", "taken", "created") VALUES (12, 20, 't', '2011-04-09T15:12:39-04:00')
 ~ (0.001134) INSERT INTO "seats" ("row", "col", "taken", "created") VALUES (12, 21, 't', '2011-04-09T15:12:39-04:00')
 ~ (0.001119) INSERT INTO "seats" ("row", "col", "taken", "created") VALUES (13, 0, 't', '2011-04-09T15:12:39-04:00')
 ~ (0.001069) INSERT INTO "seats" ("row", "col", "taken", "created") VALUES (13, 1, 't', '2011-04-09T15:12:39-04:00')
 ~ (0.001446) INSERT INTO "seats" ("row", "col", "taken", "created") VALUES (13, 2, 't', '2011-04-09T15:12:39-04:00')
 ~ (0.001262) INSERT INTO "seats" ("row", "col", "taken", "created") VALUES (13, 3, 't', '2011-04-09T15:12:39-04:00')
 ~ (0.000879) INSERT INTO "seats" ("row", "col", "taken", "created") VALUES (13, 4, 't', '2011-04-09T15:12:39-04:00')
 ~ (0.001123) INSERT INTO "seats" ("row", "col", "taken", "created") VALUES (13, 5, 't', '2011-04-09T15:12:39-04:00')
 ~ (0.001659) INSERT INTO "seats" ("row", "col", "taken", "created") VALUES (13, 6, 't', '2011-04-09T15:12:39-04:00')
 ~ (0.001212) INSERT INTO "seats" ("row", "col", "taken", "created") VALUES (13, 7, 't', '2011-04-09T15:12:39-04:00')
 ~ (0.001008) INSERT INTO "seats" ("row", "col", "taken", "created") VALUES (13, 8, 't', '2011-04-09T15:12:39-04:00')
 ~ (0.001077) INSERT INTO "seats" ("row", "col", "taken", "created") VALUES (13, 9, 't', '2011-04-09T15:12:39-04:00')
 ~ (0.001191) INSERT INTO "seats" ("row", "col", "taken", "created") VALUES (13, 10, 't', '2011-04-09T15:12:39-04:00')
 ~ (0.001190) INSERT INTO "seats" ("row", "col", "taken", "created") VALUES (13, 11, 't', '2011-04-09T15:12:39-04:00')
 ~ (0.001003) INSERT INTO "seats" ("row", "col", "taken", "created") VALUES (13, 12, 't', '2011-04-09T15:12:39-04:00')
 ~ (0.000922) INSERT INTO "seats" ("row", "col", "taken", "created") VALUES (13, 13, 't', '2011-04-09T15:12:39-04:00')
 ~ (0.001001) INSERT INTO "seats" ("row", "col", "taken", "created") VALUES (13, 14, 't', '2011-04-09T15:12:39-04:00')
 ~ (0.001100) INSERT INTO "seats" ("row", "col", "taken", "created") VALUES (13, 15, 't', '2011-04-09T15:12:39-04:00')
 ~ (0.001256) INSERT INTO "seats" ("row", "col", "taken", "created") VALUES (13, 16, 't', '2011-04-09T15:12:39-04:00')
 ~ (0.001096) INSERT INTO "seats" ("row", "col", "taken", "created") VALUES (13, 17, 't', '2011-04-09T15:12:39-04:00')
 ~ (0.000974) INSERT INTO "seats" ("row", "col", "taken", "created") VALUES (13, 18, 't', '2011-04-09T15:12:39-04:00')
 ~ (0.001194) INSERT INTO "seats" ("row", "col", "taken", "created") VALUES (13, 19, 't', '2011-04-09T15:12:39-04:00')
 ~ (0.001726) INSERT INTO "seats" ("row", "col", "taken", "created") VALUES (13, 20, 't', '2011-04-09T15:12:39-04:00')
 ~ (0.001376) INSERT INTO "seats" ("row", "col", "taken", "created") VALUES (13, 21, 't', '2011-04-09T15:12:39-04:00')
 ~ (0.001438) INSERT INTO "seats" ("row", "col", "taken", "created") VALUES (14, 0, 't', '2011-04-09T15:12:39-04:00')
 ~ (0.001045) INSERT INTO "seats" ("row", "col", "taken", "created") VALUES (14, 1, 't', '2011-04-09T15:12:39-04:00')
 ~ (0.001074) INSERT INTO "seats" ("row", "col", "taken", "created") VALUES (14, 2, 't', '2011-04-09T15:12:39-04:00')
 ~ (0.001150) INSERT INTO "seats" ("row", "col", "taken", "created") VALUES (14, 3, 't', '2011-04-09T15:12:39-04:00')
 ~ (0.001146) INSERT INTO "seats" ("row", "col", "taken", "created") VALUES (14, 4, 't', '2011-04-09T15:12:39-04:00')
 ~ (0.000974) INSERT INTO "seats" ("row", "col", "taken", "created") VALUES (14, 5, 't', '2011-04-09T15:12:39-04:00')
 ~ (0.001069) INSERT INTO "seats" ("row", "col", "taken", "created") VALUES (14, 6, 't', '2011-04-09T15:12:39-04:00')
 ~ (0.001274) INSERT INTO "seats" ("row", "col", "taken", "created") VALUES (14, 7, 't', '2011-04-09T15:12:39-04:00')
 ~ (0.000924) INSERT INTO "seats" ("row", "col", "taken", "created") VALUES (14, 8, 't', '2011-04-09T15:12:39-04:00')
 ~ (0.001146) INSERT INTO "seats" ("row", "col", "taken", "created") VALUES (14, 9, 't', '2011-04-09T15:12:39-04:00')
 ~ (0.001243) INSERT INTO "seats" ("row", "col", "taken", "created") VALUES (14, 10, 't', '2011-04-09T15:12:39-04:00')
 ~ (0.001376) INSERT INTO "seats" ("row", "col", "taken", "created") VALUES (14, 11, 't', '2011-04-09T15:12:39-04:00')
 ~ (0.001009) INSERT INTO "seats" ("row", "col", "taken", "created") VALUES (14, 12, 't', '2011-04-09T15:12:39-04:00')
 ~ (0.001237) INSERT INTO "seats" ("row", "col", "taken", "created") VALUES (14, 13, 't', '2011-04-09T15:12:39-04:00')
 ~ (0.001088) INSERT INTO "seats" ("row", "col", "taken", "created") VALUES (14, 14, 't', '2011-04-09T15:12:39-04:00')
 ~ (0.001133) INSERT INTO "seats" ("row", "col", "taken", "created") VALUES (14, 15, 't', '2011-04-09T15:12:39-04:00')
 ~ (0.001074) INSERT INTO "seats" ("row", "col", "taken", "created") VALUES (14, 16, 't', '2011-04-09T15:12:39-04:00')
 ~ (0.001200) INSERT INTO "seats" ("row", "col", "taken", "created") VALUES (14, 17, 't', '2011-04-09T15:12:39-04:00')
 ~ (0.001292) INSERT INTO "seats" ("row", "col", "taken", "created") VALUES (14, 18, 't', '2011-04-09T15:12:39-04:00')
 ~ (0.001187) INSERT INTO "seats" ("row", "col", "taken", "created") VALUES (14, 19, 't', '2011-04-09T15:12:39-04:00')
 ~ (0.001212) INSERT INTO "seats" ("row", "col", "taken", "created") VALUES (14, 20, 't', '2011-04-09T15:12:39-04:00')
 ~ (0.001207) INSERT INTO "seats" ("row", "col", "taken", "created") VALUES (14, 21, 't', '2011-04-09T15:12:39-04:00')
 ~ (0.000953) INSERT INTO "seats" ("row", "col", "taken", "created") VALUES (15, 0, 't', '2011-04-09T15:12:39-04:00')
 ~ (0.001111) INSERT INTO "seats" ("row", "col", "taken", "created") VALUES (15, 1, 't', '2011-04-09T15:12:39-04:00')
 ~ (0.001093) INSERT INTO "seats" ("row", "col", "taken", "created") VALUES (15, 2, 't', '2011-04-09T15:12:39-04:00')
 ~ (0.001089) INSERT INTO "seats" ("row", "col", "taken", "created") VALUES (15, 3, 't', '2011-04-09T15:12:39-04:00')
 ~ (0.001103) INSERT INTO "seats" ("row", "col", "taken", "created") VALUES (15, 4, 't', '2011-04-09T15:12:39-04:00')
 ~ (0.001138) INSERT INTO "seats" ("row", "col", "taken", "created") VALUES (15, 5, 't', '2011-04-09T15:12:39-04:00')
 ~ (0.001227) INSERT INTO "seats" ("row", "col", "taken", "created") VALUES (15, 6, 't', '2011-04-09T15:12:39-04:00')
 ~ (0.001067) INSERT INTO "seats" ("row", "col", "taken", "created") VALUES (15, 7, 't', '2011-04-09T15:12:39-04:00')
 ~ (0.001132) INSERT INTO "seats" ("row", "col", "taken", "created") VALUES (15, 8, 't', '2011-04-09T15:12:39-04:00')
 ~ (0.001139) INSERT INTO "seats" ("row", "col", "taken", "created") VALUES (15, 9, 't', '2011-04-09T15:12:39-04:00')
 ~ (0.000939) INSERT INTO "seats" ("row", "col", "taken", "created") VALUES (15, 10, 't', '2011-04-09T15:12:39-04:00')
 ~ (0.001175) INSERT INTO "seats" ("row", "col", "taken", "created") VALUES (15, 11, 't', '2011-04-09T15:12:39-04:00')
 ~ (0.001074) INSERT INTO "seats" ("row", "col", "taken", "created") VALUES (15, 12, 't', '2011-04-09T15:12:39-04:00')
 ~ (0.000955) INSERT INTO "seats" ("row", "col", "taken", "created") VALUES (15, 13, 't', '2011-04-09T15:12:39-04:00')
 ~ (0.001149) INSERT INTO "seats" ("row", "col", "taken", "created") VALUES (15, 14, 't', '2011-04-09T15:12:39-04:00')
 ~ (0.001360) INSERT INTO "seats" ("row", "col", "taken", "created") VALUES (15, 15, 't', '2011-04-09T15:12:39-04:00')
 ~ (0.001180) INSERT INTO "seats" ("row", "col", "taken", "created") VALUES (15, 16, 't', '2011-04-09T15:12:39-04:00')
 ~ (0.001110) INSERT INTO "seats" ("row", "col", "taken", "created") VALUES (15, 17, 't', '2011-04-09T15:12:39-04:00')
 ~ (0.001122) INSERT INTO "seats" ("row", "col", "taken", "created") VALUES (15, 18, 't', '2011-04-09T15:12:39-04:00')
 ~ (0.000998) INSERT INTO "seats" ("row", "col", "taken", "created") VALUES (15, 19, 't', '2011-04-09T15:12:39-04:00')
 ~ (0.000931) INSERT INTO "seats" ("row", "col", "taken", "created") VALUES (15, 20, 't', '2011-04-09T15:12:39-04:00')
 ~ (0.001285) INSERT INTO "seats" ("row", "col", "taken", "created") VALUES (15, 21, 't', '2011-04-09T15:12:39-04:00')
 ~ (0.001045) INSERT INTO "seats" ("row", "col", "taken", "created") VALUES (16, 0, 't', '2011-04-09T15:12:39-04:00')
 ~ (0.001271) INSERT INTO "seats" ("row", "col", "taken", "created") VALUES (16, 1, 't', '2011-04-09T15:12:39-04:00')
 ~ (0.001190) INSERT INTO "seats" ("row", "col", "taken", "created") VALUES (16, 2, 't', '2011-04-09T15:12:39-04:00')
 ~ (0.001545) INSERT INTO "seats" ("row", "col", "taken", "created") VALUES (16, 3, 't', '2011-04-09T15:12:39-04:00')
 ~ (0.001523) INSERT INTO "seats" ("row", "col", "taken", "created") VALUES (16, 4, 't', '2011-04-09T15:12:39-04:00')
 ~ (0.001130) INSERT INTO "seats" ("row", "col", "taken", "created") VALUES (16, 5, 't', '2011-04-09T15:12:39-04:00')
 ~ (0.001017) INSERT INTO "seats" ("row", "col", "taken", "created") VALUES (16, 6, 't', '2011-04-09T15:12:39-04:00')
 ~ (0.001245) INSERT INTO "seats" ("row", "col", "taken", "created") VALUES (16, 7, 't', '2011-04-09T15:12:39-04:00')
 ~ (0.000971) INSERT INTO "seats" ("row", "col", "taken", "created") VALUES (16, 8, 't', '2011-04-09T15:12:39-04:00')
 ~ (0.001061) INSERT INTO "seats" ("row", "col", "taken", "created") VALUES (16, 9, 't', '2011-04-09T15:12:39-04:00')
 ~ (0.001025) INSERT INTO "seats" ("row", "col", "taken", "created") VALUES (16, 10, 't', '2011-04-09T15:12:39-04:00')
 ~ (0.001232) INSERT INTO "seats" ("row", "col", "taken", "created") VALUES (16, 11, 't', '2011-04-09T15:12:39-04:00')
 ~ (0.001287) INSERT INTO "seats" ("row", "col", "taken", "created") VALUES (16, 12, 't', '2011-04-09T15:12:39-04:00')
 ~ (0.001195) INSERT INTO "seats" ("row", "col", "taken", "created") VALUES (16, 13, 't', '2011-04-09T15:12:39-04:00')
 ~ (0.001384) INSERT INTO "seats" ("row", "col", "taken", "created") VALUES (16, 14, 't', '2011-04-09T15:12:39-04:00')
 ~ (0.001078) INSERT INTO "seats" ("row", "col", "taken", "created") VALUES (16, 15, 't', '2011-04-09T15:12:39-04:00')
 ~ (0.001153) INSERT INTO "seats" ("row", "col", "taken", "created") VALUES (16, 16, 't', '2011-04-09T15:12:39-04:00')
 ~ (0.000983) INSERT INTO "seats" ("row", "col", "taken", "created") VALUES (16, 17, 't', '2011-04-09T15:12:39-04:00')
 ~ (0.000954) INSERT INTO "seats" ("row", "col", "taken", "created") VALUES (16, 18, 't', '2011-04-09T15:12:39-04:00')
 ~ (0.001510) INSERT INTO "seats" ("row", "col", "taken", "created") VALUES (16, 19, 't', '2011-04-09T15:12:39-04:00')
 ~ (0.001076) INSERT INTO "seats" ("row", "col", "taken", "created") VALUES (16, 20, 't', '2011-04-09T15:12:40-04:00')
 ~ (0.000956) INSERT INTO "seats" ("row", "col", "taken", "created") VALUES (16, 21, 't', '2011-04-09T15:12:40-04:00')
 ~ (0.001320) INSERT INTO "seats" ("row", "col", "taken", "created") VALUES (17, 0, 't', '2011-04-09T15:12:40-04:00')
 ~ (0.001193) INSERT INTO "seats" ("row", "col", "taken", "created") VALUES (17, 1, 't', '2011-04-09T15:12:40-04:00')
 ~ (0.001091) INSERT INTO "seats" ("row", "col", "taken", "created") VALUES (17, 2, 't', '2011-04-09T15:12:40-04:00')
 ~ (0.001467) INSERT INTO "seats" ("row", "col", "taken", "created") VALUES (17, 3, 't', '2011-04-09T15:12:40-04:00')
 ~ (0.001210) INSERT INTO "seats" ("row", "col", "taken", "created") VALUES (17, 4, 't', '2011-04-09T15:12:40-04:00')
 ~ (0.001238) INSERT INTO "seats" ("row", "col", "taken", "created") VALUES (17, 5, 't', '2011-04-09T15:12:40-04:00')
 ~ (0.001477) INSERT INTO "seats" ("row", "col", "taken", "created") VALUES (17, 6, 't', '2011-04-09T15:12:40-04:00')
 ~ (0.001034) INSERT INTO "seats" ("row", "col", "taken", "created") VALUES (17, 7, 't', '2011-04-09T15:12:40-04:00')
 ~ (0.001041) INSERT INTO "seats" ("row", "col", "taken", "created") VALUES (17, 8, 't', '2011-04-09T15:12:40-04:00')
 ~ (0.001197) INSERT INTO "seats" ("row", "col", "taken", "created") VALUES (17, 9, 't', '2011-04-09T15:12:40-04:00')
 ~ (0.001026) INSERT INTO "seats" ("row", "col", "taken", "created") VALUES (17, 10, 't', '2011-04-09T15:12:40-04:00')
 ~ (0.001008) INSERT INTO "seats" ("row", "col", "taken", "created") VALUES (17, 11, 't', '2011-04-09T15:12:40-04:00')
 ~ (0.001053) INSERT INTO "seats" ("row", "col", "taken", "created") VALUES (17, 12, 't', '2011-04-09T15:12:40-04:00')
 ~ (0.001222) INSERT INTO "seats" ("row", "col", "taken", "created") VALUES (17, 13, 't', '2011-04-09T15:12:40-04:00')
 ~ (0.001105) INSERT INTO "seats" ("row", "col", "taken", "created") VALUES (17, 14, 't', '2011-04-09T15:12:40-04:00')
 ~ (0.001125) INSERT INTO "seats" ("row", "col", "taken", "created") VALUES (17, 15, 't', '2011-04-09T15:12:40-04:00')
 ~ (0.001227) INSERT INTO "seats" ("row", "col", "taken", "created") VALUES (17, 16, 't', '2011-04-09T15:12:40-04:00')
 ~ (0.001062) INSERT INTO "seats" ("row", "col", "taken", "created") VALUES (17, 17, 't', '2011-04-09T15:12:40-04:00')
 ~ (0.001258) INSERT INTO "seats" ("row", "col", "taken", "created") VALUES (17, 18, 't', '2011-04-09T15:12:40-04:00')
 ~ (0.001219) INSERT INTO "seats" ("row", "col", "taken", "created") VALUES (17, 19, 't', '2011-04-09T15:12:40-04:00')
 ~ (0.001156) INSERT INTO "seats" ("row", "col", "taken", "created") VALUES (17, 20, 't', '2011-04-09T15:12:40-04:00')
 ~ (0.000991) INSERT INTO "seats" ("row", "col", "taken", "created") VALUES (17, 21, 't', '2011-04-09T15:12:40-04:00')
 ~ (0.000320) PRAGMA table_info("seats")
 ~ (0.000108) PRAGMA table_info("seats")
 ~ (0.000011) PRAGMA table_info("seats")
 ~ (0.000011) PRAGMA table_info("seats")
 ~ (0.000010) PRAGMA table_info("seats")
 ~ (0.000010) PRAGMA table_info("seats")
 ~ (0.000010) PRAGMA table_info("seats")
 ~ (0.000066) SELECT "id", "row", "col", "taken", "created", "updated" FROM "seats" ORDER BY "id"
 ~ (0.000311) PRAGMA table_info("seats")
 ~ (0.000104) PRAGMA table_info("seats")
 ~ (0.000010) PRAGMA table_info("seats")
 ~ (0.000009) PRAGMA table_info("seats")
 ~ (0.000010) PRAGMA table_info("seats")
 ~ (0.000010) PRAGMA table_info("seats")
 ~ (0.000009) PRAGMA table_info("seats")
 ~ (0.000274) PRAGMA table_info("seats")
 ~ (0.000102) PRAGMA table_info("seats")
 ~ (0.000011) PRAGMA table_info("seats")
 ~ (0.000010) PRAGMA table_info("seats")
 ~ (0.000010) PRAGMA table_info("seats")
 ~ (0.000010) PRAGMA table_info("seats")
 ~ (0.000010) PRAGMA table_info("seats")
 ~ (0.000280) PRAGMA table_info("seats")
 ~ (0.000098) PRAGMA table_info("seats")
 ~ (0.000011) PRAGMA table_info("seats")
 ~ (0.000010) PRAGMA table_info("seats")
 ~ (0.000009) PRAGMA table_info("seats")
 ~ (0.000010) PRAGMA table_info("seats")
 ~ (0.000010) PRAGMA table_info("seats")
 ~ (0.000304) PRAGMA table_info("seats")
 ~ (0.000107) PRAGMA table_info("seats")
 ~ (0.000012) PRAGMA table_info("seats")
 ~ (0.000010) PRAGMA table_info("seats")
 ~ (0.000010) PRAGMA table_info("seats")
 ~ (0.000010) PRAGMA table_info("seats")
 ~ (0.000011) PRAGMA table_info("seats")
 ~ (0.000053) SELECT "id", "row", "col", "taken", "created", "updated" FROM "seats" ORDER BY "id"
 ~ (0.000357) PRAGMA table_info("seats")
 ~ (0.000124) PRAGMA table_info("seats")
 ~ (0.000018) PRAGMA table_info("seats")
 ~ (0.000011) PRAGMA table_info("seats")
 ~ (0.000010) PRAGMA table_info("seats")
 ~ (0.000010) PRAGMA table_info("seats")
 ~ (0.000011) PRAGMA table_info("seats")
 ~ (0.000063) SELECT "id", "row", "col", "taken", "created", "updated" FROM "seats" ORDER BY "id"
 ~ (0.000289) PRAGMA table_info("seats")
 ~ (0.000108) PRAGMA table_info("seats")
 ~ (0.000010) PRAGMA table_info("seats")
 ~ (0.000010) PRAGMA table_info("seats")
 ~ (0.000010) PRAGMA table_info("seats")
 ~ (0.000020) PRAGMA table_info("seats")
 ~ (0.000023) PRAGMA table_info("seats")
 ~ (0.000300) PRAGMA table_info("seats")
 ~ (0.000121) PRAGMA table_info("seats")
 ~ (0.000011) PRAGMA table_info("seats")
 ~ (0.000010) PRAGMA table_info("seats")
 ~ (0.000011) PRAGMA table_info("seats")
 ~ (0.000009) PRAGMA table_info("seats")
 ~ (0.000010) PRAGMA table_info("seats")
 ~ (0.000064) SELECT "id", "row", "col", "taken", "created", "updated" FROM "seats" ORDER BY "id"
 ~ (0.000268) PRAGMA table_info("seats")
 ~ (0.000107) PRAGMA table_info("seats")
 ~ (0.000011) PRAGMA table_info("seats")
 ~ (0.000010) PRAGMA table_info("seats")
 ~ (0.000011) PRAGMA table_info("seats")
 ~ (0.000010) PRAGMA table_info("seats")
 ~ (0.000010) PRAGMA table_info("seats")
 ~ (0.000061) SELECT "id", "row", "col", "taken", "created", "updated" FROM "seats" ORDER BY "id"
 ~ (0.000282) PRAGMA table_info("seats")
 ~ (0.000108) PRAGMA table_info("seats")
 ~ (0.000010) PRAGMA table_info("seats")
 ~ (0.000011) PRAGMA table_info("seats")
 ~ (0.000011) PRAGMA table_info("seats")
 ~ (0.000010) PRAGMA table_info("seats")
 ~ (0.000012) PRAGMA table_info("seats")
 ~ (0.000051) SELECT "id", "row", "col", "taken", "created", "updated" FROM "seats" ORDER BY "id"
 ~ (0.000270) PRAGMA table_info("seats")
 ~ (0.000127) PRAGMA table_info("seats")
 ~ (0.000010) PRAGMA table_info("seats")
 ~ (0.000011) PRAGMA table_info("seats")
 ~ (0.000010) PRAGMA table_info("seats")
 ~ (0.000010) PRAGMA table_info("seats")
 ~ (0.000012) PRAGMA table_info("seats")
 ~ (0.000056) SELECT "id", "row", "col", "taken", "created", "updated" FROM "seats" ORDER BY "id"
 ~ (0.000293) PRAGMA table_info("seats")
 ~ (0.000112) PRAGMA table_info("seats")
 ~ (0.000012) PRAGMA table_info("seats")
 ~ (0.000011) PRAGMA table_info("seats")
 ~ (0.000011) PRAGMA table_info("seats")
 ~ (0.000025) PRAGMA table_info("seats")
 ~ (0.000018) PRAGMA table_info("seats")
 ~ (0.000074) SELECT "id", "row", "col", "taken", "created", "updated" FROM "seats" ORDER BY "id"
 ~ (0.000305) PRAGMA table_info("seats")
 ~ (0.000103) PRAGMA table_info("seats")
 ~ (0.000011) PRAGMA table_info("seats")
 ~ (0.000011) PRAGMA table_info("seats")
 ~ (0.000010) PRAGMA table_info("seats")
 ~ (0.000010) PRAGMA table_info("seats")
 ~ (0.000010) PRAGMA table_info("seats")
 ~ (0.000051) SELECT "id", "row", "col", "taken", "created", "updated" FROM "seats" ORDER BY "id"
 ~ (0.000275) PRAGMA table_info("seats")
 ~ (0.000102) PRAGMA table_info("seats")
 ~ (0.000010) PRAGMA table_info("seats")
 ~ (0.000010) PRAGMA table_info("seats")
 ~ (0.000011) PRAGMA table_info("seats")
 ~ (0.000011) PRAGMA table_info("seats")
 ~ (0.000011) PRAGMA table_info("seats")
 ~ (0.000070) SELECT "id", "row", "col", "taken", "created", "updated" FROM "seats" ORDER BY "id"
 ~ (0.000307) PRAGMA table_info("seats")
 ~ (0.000102) PRAGMA table_info("seats")
 ~ (0.000011) PRAGMA table_info("seats")
 ~ (0.000015) PRAGMA table_info("seats")
 ~ (0.000011) PRAGMA table_info("seats")
 ~ (0.000010) PRAGMA table_info("seats")
 ~ (0.000011) PRAGMA table_info("seats")
 ~ (0.000052) SELECT "id", "row", "col", "taken", "created", "updated" FROM "seats" ORDER BY "id"
 ~ (0.000281) PRAGMA table_info("seats")
 ~ (0.000103) PRAGMA table_info("seats")
 ~ (0.000010) PRAGMA table_info("seats")
 ~ (0.000010) PRAGMA table_info("seats")
 ~ (0.000010) PRAGMA table_info("seats")
 ~ (0.000009) PRAGMA table_info("seats")
 ~ (0.000011) PRAGMA table_info("seats")
 ~ (0.000288) PRAGMA table_info("seats")
 ~ (0.000112) PRAGMA table_info("seats")
 ~ (0.000011) PRAGMA table_info("seats")
 ~ (0.000010) PRAGMA table_info("seats")
 ~ (0.000010) PRAGMA table_info("seats")
 ~ (0.000010) PRAGMA table_info("seats")
 ~ (0.000010) PRAGMA table_info("seats")
 ~ (0.000070) SELECT "id", "row", "col", "taken", "created", "updated" FROM "seats" ORDER BY "id"
 ~ (0.000295) PRAGMA table_info("seats")
 ~ (0.000122) PRAGMA table_info("seats")
 ~ (0.000011) PRAGMA table_info("seats")
 ~ (0.000009) PRAGMA table_info("seats")
 ~ (0.000011) PRAGMA table_info("seats")
 ~ (0.000010) PRAGMA table_info("seats")
 ~ (0.000011) PRAGMA table_info("seats")
 ~ (0.000310) PRAGMA table_info("seats")
 ~ (0.000125) PRAGMA table_info("seats")
 ~ (0.000010) PRAGMA table_info("seats")
 ~ (0.000010) PRAGMA table_info("seats")
 ~ (0.000010) PRAGMA table_info("seats")
 ~ (0.000010) PRAGMA table_info("seats")
 ~ (0.000010) PRAGMA table_info("seats")
 ~ (0.000061) SELECT "id", "row", "col", "taken", "created", "updated" FROM "seats" ORDER BY "id"
 ~ (0.000271) PRAGMA table_info("seats")
 ~ (0.000102) PRAGMA table_info("seats")
 ~ (0.000010) PRAGMA table_info("seats")
 ~ (0.000012) PRAGMA table_info("seats")
 ~ (0.000011) PRAGMA table_info("seats")
 ~ (0.000013) PRAGMA table_info("seats")
 ~ (0.000010) PRAGMA table_info("seats")
 ~ (0.000291) PRAGMA table_info("seats")
 ~ (0.000110) PRAGMA table_info("seats")
 ~ (0.000010) PRAGMA table_info("seats")
 ~ (0.000011) PRAGMA table_info("seats")
 ~ (0.000010) PRAGMA table_info("seats")
 ~ (0.000011) PRAGMA table_info("seats")
 ~ (0.000010) PRAGMA table_info("seats")
 ~ (0.000067) SELECT "id", "row", "col", "taken", "created", "updated" FROM "seats" ORDER BY "id"
 ~ (0.000292) PRAGMA table_info("seats")
 ~ (0.000171) PRAGMA table_info("seats")
 ~ (0.000015) PRAGMA table_info("seats")
 ~ (0.000014) PRAGMA table_info("seats")
 ~ (0.000010) PRAGMA table_info("seats")
 ~ (0.000010) PRAGMA table_info("seats")
 ~ (0.000010) PRAGMA table_info("seats")
 ~ (0.000324) PRAGMA table_info("seats")
 ~ (0.000116) PRAGMA table_info("seats")
 ~ (0.000010) PRAGMA table_info("seats")
 ~ (0.000013) PRAGMA table_info("seats")
 ~ (0.000010) PRAGMA table_info("seats")
 ~ (0.000011) PRAGMA table_info("seats")
 ~ (0.000011) PRAGMA table_info("seats")
 ~ (0.000071) SELECT "id", "row", "col", "taken", "created", "updated" FROM "seats" ORDER BY "id"
 ~ (0.000301) PRAGMA table_info("seats")
 ~ (0.000103) PRAGMA table_info("seats")
 ~ (0.000010) PRAGMA table_info("seats")
 ~ (0.000010) PRAGMA table_info("seats")
 ~ (0.000011) PRAGMA table_info("seats")
 ~ (0.000010) PRAGMA table_info("seats")
 ~ (0.000011) PRAGMA table_info("seats")
 ~ (0.000056) SELECT "id", "row", "col", "taken", "created", "updated" FROM "seats" ORDER BY "row", "col"
 ~ (0.000303) PRAGMA table_info("seats")
 ~ (0.000104) PRAGMA table_info("seats")
 ~ (0.000010) PRAGMA table_info("seats")
 ~ (0.000010) PRAGMA table_info("seats")
 ~ (0.000010) PRAGMA table_info("seats")
 ~ (0.000010) PRAGMA table_info("seats")
 ~ (0.000009) PRAGMA table_info("seats")
 ~ (0.000295) PRAGMA table_info("seats")
 ~ (0.000157) PRAGMA table_info("seats")
 ~ (0.000011) PRAGMA table_info("seats")
 ~ (0.000011) PRAGMA table_info("seats")
 ~ (0.000010) PRAGMA table_info("seats")
 ~ (0.000010) PRAGMA table_info("seats")
 ~ (0.000010) PRAGMA table_info("seats")
 ~ (0.000051) SELECT "id", "row", "col", "taken", "created", "updated" FROM "seats" ORDER BY "row", "col"
 ~ (0.000345) PRAGMA table_info("seats")
 ~ (0.000107) PRAGMA table_info("seats")
 ~ (0.000010) PRAGMA table_info("seats")
 ~ (0.000014) PRAGMA table_info("seats")
 ~ (0.000014) PRAGMA table_info("seats")
 ~ (0.000011) PRAGMA table_info("seats")
 ~ (0.000010) PRAGMA table_info("seats")
 ~ (0.000309) PRAGMA table_info("seats")
 ~ (0.000149) PRAGMA table_info("seats")
 ~ (0.000011) PRAGMA table_info("seats")
 ~ (0.000011) PRAGMA table_info("seats")
 ~ (0.000010) PRAGMA table_info("seats")
 ~ (0.000010) PRAGMA table_info("seats")
 ~ (0.000010) PRAGMA table_info("seats")
 ~ (0.000067) SELECT "id", "row", "col", "taken", "created", "updated" FROM "seats" ORDER BY "row", "col"
 ~ (0.000271) PRAGMA table_info("seats")
 ~ (0.000096) PRAGMA table_info("seats")
 ~ (0.000011) PRAGMA table_info("seats")
 ~ (0.000010) PRAGMA table_info("seats")
 ~ (0.000010) PRAGMA table_info("seats")
 ~ (0.000012) PRAGMA table_info("seats")
 ~ (0.000011) PRAGMA table_info("seats")
 ~ (0.000287) PRAGMA table_info("seats")
 ~ (0.000103) PRAGMA table_info("seats")
 ~ (0.000010) PRAGMA table_info("seats")
 ~ (0.000009) PRAGMA table_info("seats")
 ~ (0.000010) PRAGMA table_info("seats")
 ~ (0.000010) PRAGMA table_info("seats")
 ~ (0.000011) PRAGMA table_info("seats")
 ~ (0.000065) SELECT "id", "row", "col", "taken", "created", "updated" FROM "seats" ORDER BY "row", "col"
 ~ (0.000282) PRAGMA table_info("seats")
 ~ (0.000100) PRAGMA table_info("seats")
 ~ (0.000009) PRAGMA table_info("seats")
 ~ (0.000017) PRAGMA table_info("seats")
 ~ (0.000009) PRAGMA table_info("seats")
 ~ (0.000017) PRAGMA table_info("seats")
 ~ (0.000010) PRAGMA table_info("seats")
 ~ (0.000052) SELECT "id", "row", "col", "taken", "created", "updated" FROM "seats" ORDER BY "row", "col"
 ~ (0.000296) PRAGMA table_info("seats")
 ~ (0.000103) PRAGMA table_info("seats")
 ~ (0.000010) PRAGMA table_info("seats")
 ~ (0.000009) PRAGMA table_info("seats")
 ~ (0.000010) PRAGMA table_info("seats")
 ~ (0.000010) PRAGMA table_info("seats")
 ~ (0.000010) PRAGMA table_info("seats")
 ~ (0.000044) SELECT "id", "row", "col", "taken", "created", "updated" FROM "seats" ORDER BY "row", "col"
 ~ (0.000304) PRAGMA table_info("seats")
 ~ (0.000103) PRAGMA table_info("seats")
 ~ (0.000011) PRAGMA table_info("seats")
 ~ (0.000010) PRAGMA table_info("seats")
 ~ (0.000011) PRAGMA table_info("seats")
 ~ (0.000011) PRAGMA table_info("seats")
 ~ (0.000010) PRAGMA table_info("seats")
 ~ (0.000044) SELECT "id", "row", "col", "taken", "created", "updated" FROM "seats" ORDER BY "row", "col"
 ~ (0.000279) PRAGMA table_info("seats")
 ~ (0.000098) PRAGMA table_info("seats")
 ~ (0.000010) PRAGMA table_info("seats")
 ~ (0.000011) PRAGMA table_info("seats")
 ~ (0.000011) PRAGMA table_info("seats")
 ~ (0.000011) PRAGMA table_info("seats")
 ~ (0.000011) PRAGMA table_info("seats")
 ~ (0.000076) SELECT "id", "row", "col", "taken", "created", "updated" FROM "seats" ORDER BY "row", "col"
 ~ (0.000282) PRAGMA table_info("seats")
 ~ (0.000160) PRAGMA table_info("seats")
 ~ (0.000014) PRAGMA table_info("seats")
 ~ (0.000015) PRAGMA table_info("seats")
 ~ (0.000016) PRAGMA table_info("seats")
 ~ (0.000011) PRAGMA table_info("seats")
 ~ (0.000010) PRAGMA table_info("seats")
 ~ (0.000146) SELECT "id", "row", "col", "taken", "created", "updated" FROM "seats" ORDER BY "row", "col"
 ~ (0.000281) PRAGMA table_info("seats")
 ~ (0.000102) PRAGMA table_info("seats")
 ~ (0.000011) PRAGMA table_info("seats")
 ~ (0.000011) PRAGMA table_info("seats")
 ~ (0.000015) PRAGMA table_info("seats")
 ~ (0.000015) PRAGMA table_info("seats")
 ~ (0.000014) PRAGMA table_info("seats")
 ~ (0.000105) SELECT "id", "row", "col", "taken", "created", "updated" FROM "seats" ORDER BY "row", "col"
 ~ (0.000296) PRAGMA table_info("seats")
 ~ (0.000111) PRAGMA table_info("seats")
 ~ (0.000012) PRAGMA table_info("seats")
 ~ (0.000011) PRAGMA table_info("seats")
 ~ (0.000011) PRAGMA table_info("seats")
 ~ (0.000015) PRAGMA table_info("seats")
 ~ (0.000011) PRAGMA table_info("seats")
 ~ (0.000063) SELECT "id", "row", "col", "taken", "created", "updated" FROM "seats" ORDER BY "row", "col"
 ~ (0.000278) PRAGMA table_info("seats")
 ~ (0.000109) PRAGMA table_info("seats")
 ~ (0.000010) PRAGMA table_info("seats")
 ~ (0.000010) PRAGMA table_info("seats")
 ~ (0.000011) PRAGMA table_info("seats")
 ~ (0.000010) PRAGMA table_info("seats")
 ~ (0.000011) PRAGMA table_info("seats")
 ~ (0.000059) SELECT "id", "row", "col", "taken", "created", "updated" FROM "seats" ORDER BY "row", "col"
 ~ (0.000289) PRAGMA table_info("seats")
 ~ (0.000111) PRAGMA table_info("seats")
 ~ (0.000011) PRAGMA table_info("seats")
 ~ (0.000010) PRAGMA table_info("seats")
 ~ (0.000010) PRAGMA table_info("seats")
 ~ (0.000011) PRAGMA table_info("seats")
 ~ (0.000013) PRAGMA table_info("seats")
 ~ (0.000055) SELECT "id", "row", "col", "taken", "created", "updated" FROM "seats" ORDER BY "row", "col"
 ~ (0.000307) PRAGMA table_info("seats")
 ~ (0.000113) PRAGMA table_info("seats")
 ~ (0.000021) PRAGMA table_info("seats")
 ~ (0.000012) PRAGMA table_info("seats")
 ~ (0.000012) PRAGMA table_info("seats")
 ~ (0.000011) PRAGMA table_info("seats")
 ~ (0.000027) PRAGMA table_info("seats")
 ~ (0.000062) SELECT "id", "row", "col", "taken", "created", "updated" FROM "seats" ORDER BY "id"
 ~ (0.000287) PRAGMA table_info("seats")
 ~ (0.000110) PRAGMA table_info("seats")
 ~ (0.000010) PRAGMA table_info("seats")
 ~ (0.000012) PRAGMA table_info("seats")
 ~ (0.000025) PRAGMA table_info("seats")
 ~ (0.000016) PRAGMA table_info("seats")
 ~ (0.000014) PRAGMA table_info("seats")
 ~ (0.000315) PRAGMA table_info("seats")
 ~ (0.000117) PRAGMA table_info("seats")
 ~ (0.000010) PRAGMA table_info("seats")
 ~ (0.000009) PRAGMA table_info("seats")
 ~ (0.000009) PRAGMA table_info("seats")
 ~ (0.000010) PRAGMA table_info("seats")
 ~ (0.000010) PRAGMA table_info("seats")
 ~ (0.000057) SELECT "id", "row", "col", "taken", "created", "updated" FROM "seats" ORDER BY "id"
 ~ (0.000307) PRAGMA table_info("seats")
 ~ (0.000101) PRAGMA table_info("seats")
 ~ (0.000010) PRAGMA table_info("seats")
 ~ (0.000010) PRAGMA table_info("seats")
 ~ (0.000010) PRAGMA table_info("seats")
 ~ (0.000010) PRAGMA table_info("seats")
 ~ (0.000010) PRAGMA table_info("seats")
